<?xml version="1.0" encoding="UTF-8"?>
<!-- Generated by org.testng.reporters.JUnitReportReporter -->
<testsuite hostname="DESKTOP-E1HLRT7" failures="0" tests="1" name="com.RestAssured.TestGetAPI" time="2.992" errors="0" timestamp="2022-11-20T20:26:11 IST" skipped="0">
  <testcase classname="com.RestAssured.TestGetAPI" name="testGetApi" time="2.992"/>
  <system-out/>
</testsuite> <!-- com.RestAssured.TestGetAPI -->
